MPlayer SVN-r38674-14 (C) 2000-2025 MPlayer Team

Playing /home/luque/Documents/work/fiver/kanga2/app/uploads/VID-20250409-WA0025.mp4.
libavformat version 61.7.100 (external)
libavformat file format detected.
[mov,mp4,m4a,3gp,3g2,mj2 @ 0x7f4564e744a0]Protocol name not provided, cannot determine if input is local or a network protocol, buffers and access patterns cannot be configured optimally without knowing the protocol
[lavf] stream 0: video (h264), -vid 0
[lavf] stream 1: audio (aac), -aid 0, -alang und
VIDEO:  [H264]  1280x720  24bpp  59.940 fps  2799.2 kbps (341.7 kbyte/s)
X11 error: BadMatch (invalid parameter attributes)
==========================================================================
Opening video decoder: [ffmpeg] FFmpeg's libavcodec codec family
libavcodec version 61.19.101 (external)
Selected video codec: [ffh264] vfm: ffmpeg (FFmpeg H.264)
==========================================================================
Clip info:
 major_brand: mp42
 minor_version: 0
 compatible_brands: mp42isom
Load subtitles in /home/luque/Documents/work/fiver/kanga2/app/uploads/
==========================================================================
Opening audio decoder: [ffmpeg] FFmpeg/libavcodec audio decoders
AUDIO: 44100 Hz, 2 ch, floatle, 67.9 kbit/2.41% (ratio: 8489->352800)
Selected audio codec: [ffaac] afm: ffmpeg (FFmpeg AAC (MPEG-2/MPEG-4 Audio))
==========================================================================
AO: [pulse] 44100Hz 2ch floatle (4 bytes per sample)
Starting playback...
Movie-Aspect is undefined - no prescaling applied.
VO: [x11] 1280x720 => 1280x720 Planar YV12 
[swscaler @ 0x7f45650e0a80]using unscaled yuv420p -> bgra special converter


Exiting... (End of file)
