[   0.000][d][global] user path: '/home/luque/Documents/work/fiver/kanga2/mpv.log' -> '/home/luque/Documents/work/fiver/kanga2/mpv.log'
[   0.001][v][cplayer] mpv 0.39.0 Copyright © 2000-2024 mpv/MPlayer/mplayer2 projects
[   0.001][v][cplayer] libplacebo version: v7.349.0
[   0.001][v][cplayer] FFmpeg version: 7.1.1
[   0.001][v][cplayer] FFmpeg library versions:
[   0.001][v][cplayer]    libavcodec      61.3.100 (runtime 61.19.101)
[   0.001][v][cplayer]    libavdevice     61.1.100 (runtime 61.3.100)
[   0.001][v][cplayer]    libavfilter     10.1.100 (runtime 10.4.100)
[   0.001][v][cplayer]    libavformat     61.1.100 (runtime 61.7.100)
[   0.001][v][cplayer]    libavutil       59.8.100 (runtime 59.39.100)
[   0.001][v][cplayer]    libswresample   5.1.100 (runtime 5.3.100)
[   0.001][v][cplayer]    libswscale      8.1.100 (runtime 8.3.100)
[   0.001][v][cplayer] Configuration: -Dalsa=enabled -Dbuild-date=false -Dcaca=enabled -Dcdda=enabled -Dcplayer=true -Dcplugins=enabled -Dcuda-hwaccel=enabled -Dcuda-interop=enabled -Ddmabuf-wayland=enabled -Ddrm=enabled -Ddvbin=enabled -Ddvdnav=enabled -Degl-drm=enabled -Degl-wayland=enabled -Degl-x11=enabled -Degl=enabled -Dgbm=enabled -Dgl-x11=enabled -Dgl=enabled -Dhtml-build=enabled -Diconv=enabled -Djack=enabled -Djavascript=enabled -Djpeg=enabled -Dlcms2=enabled -Dlibarchive=enabled -Dlibavdevice=enabled -Dlibbluray=enabled -Dlibmpv=true -Dlua=enabled -Dmanpage-build=enabled -Dopenal=enabled -Dopensles=disabled -Doss-audio=disabled -Dpipewire=enabled -Dplain-gl=enabled -Dpulse=enabled -Drubberband=enabled -Dsdl2-audio=enabled -Dsdl2-gamepad=enabled -Dsdl2-video=enabled -Dsdl2=enabled -Dshaderc=disabled -Dsndio=disabled -Dspirv-cross=disabled -Duchardet=enabled -Dvaapi-drm=enabled -Dvaapi-wayland=enabled -Dvaapi-x11=enabled -Dvaapi=enabled -Dvapoursynth=enabled -Dvdpau-gl-x11=enabled -Dvdpau=enabled -Dvector=enabled -Dvulkan=enabled -Dwayland=enabled -Dwerror=false -Dx11=enabled -Dxv=enabled -Dzimg=enabled -Dzlib=enabled -Dprefix=/usr -Dbindir=/usr/bin -Ddatadir=/usr/share -Dincludedir=/usr/include -Dinfodir=/usr/share/info -Dlibdir=/usr/lib64 -Dlibexecdir=/usr/libexec -Dlocaledir=/usr/share/locale -Dlocalstatedir=/var -Dmandir=/usr/share/man -Dsbindir=/usr/sbin -Dsharedstatedir=/var/lib -Dsysconfdir=/etc -Dauto_features=auto -Dbuildtype=plain -Dwrap_mode=nodownload
[   0.001][v][cplayer] List of enabled features: alsa caca cdda cplugins cuda-hwaccel cuda-interop dmabuf-interop-gl dmabuf-wayland drm dvbin dvdnav egl egl-drm egl-wayland egl-x11 ffmpeg ffnvcodec gbm gl gl-x11 glibc-thread-name glob glob-posix gpl iconv jack javascript jpeg lcms2 libarchive libass libavdevice libbluray libdl libplacebo linux-fstatfs lua-5.1 memfd-create memrchr openal pipewire posix posix-shm ppoll pthread-condattr-setclock pulse rubberband rubberband-3 sdl2 sdl2-audio sdl2-gamepad sdl2-video uchardet vaapi vaapi-drm vaapi-wayland vaapi-x11 vapoursynth vdpau vdpau-gl-x11 vector vk-khr-display vt.h vulkan wayland wayland-protocols-1-32 x11 xv zimg zimg-st428 zlib
[   0.001][v][cplayer] Command line options: '--no-osc' '--no-osd-bar' '--no-border' '--ontop' '--really-quiet' '--autofit=240x320' '--geometry=240x320+0+0' '--force-window=immediate' '--input-ipc-server=/home/luque/Documents/work/fiver/kanga2/mpvsocket' '--idle=yes' '--image-display-duration=5' '--log-file=/home/luque/Documents/work/fiver/kanga2/mpv.log' '--msg-level=all=info'
[   0.001][v][cplayer] mpv 0.39.0 Copyright © 2000-2024 mpv/MPlayer/mplayer2 projects
[   0.001][v][cplayer] libplacebo version: v7.349.0
[   0.001][v][cplayer] FFmpeg version: 7.1.1
[   0.001][v][cplayer] FFmpeg library versions:
[   0.001][v][cplayer]    libavcodec      61.3.100 (runtime 61.19.101)
[   0.001][v][cplayer]    libavdevice     61.1.100 (runtime 61.3.100)
[   0.001][v][cplayer]    libavfilter     10.1.100 (runtime 10.4.100)
[   0.001][v][cplayer]    libavformat     61.1.100 (runtime 61.7.100)
[   0.001][v][cplayer]    libavutil       59.8.100 (runtime 59.39.100)
[   0.001][v][cplayer]    libswresample   5.1.100 (runtime 5.3.100)
[   0.001][v][cplayer]    libswscale      8.1.100 (runtime 8.3.100)
[   0.001][v][cplayer] Configuration: -Dalsa=enabled -Dbuild-date=false -Dcaca=enabled -Dcdda=enabled -Dcplayer=true -Dcplugins=enabled -Dcuda-hwaccel=enabled -Dcuda-interop=enabled -Ddmabuf-wayland=enabled -Ddrm=enabled -Ddvbin=enabled -Ddvdnav=enabled -Degl-drm=enabled -Degl-wayland=enabled -Degl-x11=enabled -Degl=enabled -Dgbm=enabled -Dgl-x11=enabled -Dgl=enabled -Dhtml-build=enabled -Diconv=enabled -Djack=enabled -Djavascript=enabled -Djpeg=enabled -Dlcms2=enabled -Dlibarchive=enabled -Dlibavdevice=enabled -Dlibbluray=enabled -Dlibmpv=true -Dlua=enabled -Dmanpage-build=enabled -Dopenal=enabled -Dopensles=disabled -Doss-audio=disabled -Dpipewire=enabled -Dplain-gl=enabled -Dpulse=enabled -Drubberband=enabled -Dsdl2-audio=enabled -Dsdl2-gamepad=enabled -Dsdl2-video=enabled -Dsdl2=enabled -Dshaderc=disabled -Dsndio=disabled -Dspirv-cross=disabled -Duchardet=enabled -Dvaapi-drm=enabled -Dvaapi-wayland=enabled -Dvaapi-x11=enabled -Dvaapi=enabled -Dvapoursynth=enabled -Dvdpau-gl-x11=enabled -Dvdpau=enabled -Dvector=enabled -Dvulkan=enabled -Dwayland=enabled -Dwerror=false -Dx11=enabled -Dxv=enabled -Dzimg=enabled -Dzlib=enabled -Dprefix=/usr -Dbindir=/usr/bin -Ddatadir=/usr/share -Dincludedir=/usr/include -Dinfodir=/usr/share/info -Dlibdir=/usr/lib64 -Dlibexecdir=/usr/libexec -Dlocaledir=/usr/share/locale -Dlocalstatedir=/var -Dmandir=/usr/share/man -Dsbindir=/usr/sbin -Dsharedstatedir=/var/lib -Dsysconfdir=/etc -Dauto_features=auto -Dbuildtype=plain -Dwrap_mode=nodownload
[   0.001][v][cplayer] List of enabled features: alsa caca cdda cplugins cuda-hwaccel cuda-interop dmabuf-interop-gl dmabuf-wayland drm dvbin dvdnav egl egl-drm egl-wayland egl-x11 ffmpeg ffnvcodec gbm gl gl-x11 glibc-thread-name glob glob-posix gpl iconv jack javascript jpeg lcms2 libarchive libass libavdevice libbluray libdl libplacebo linux-fstatfs lua-5.1 memfd-create memrchr openal pipewire posix posix-shm ppoll pthread-condattr-setclock pulse rubberband rubberband-3 sdl2 sdl2-audio sdl2-gamepad sdl2-video uchardet vaapi vaapi-drm vaapi-wayland vaapi-x11 vapoursynth vdpau vdpau-gl-x11 vector vk-khr-display vt.h vulkan wayland wayland-protocols-1-32 x11 xv zimg zimg-st428 zlib
[   0.001][d][global] home path: '' -> '/home/luque/.config/mpv'
[   0.001][d][global] user path: '~~home/' -> '/home/luque/.config/mpv'
[   0.001][d][global] user path: '~~old_home/' -> '/home/luque/.mpv'
[   0.001][d][global] config path: 'encoding-profiles.conf' -/-> '/home/luque/.config/mpv/encoding-profiles.conf'
[   0.001][d][global] config path: 'encoding-profiles.conf' -/-> '/home/luque/.mpv/encoding-profiles.conf'
[   0.001][d][global] config path: 'encoding-profiles.conf' -> '/etc/mpv/encoding-profiles.conf'
[   0.001][v][cplayer] Reading config file /etc/mpv/encoding-profiles.conf
[   0.001][v][ifo_dvdnav] Opening /etc/mpv/encoding-profiles.conf
[   0.001][v][bdmv/bluray] Opening /etc/mpv/encoding-profiles.conf
[   0.001][v][file] Opening /etc/mpv/encoding-profiles.conf
[   0.001][d][file] resize stream to 131072 bytes, drop 0 bytes
[   0.001][d][file] Stream opened successfully.
[   0.001][v][cplayer] Applying profile 'default'...
[   0.001][d][global] config path: 'mpv.conf' -/-> '/home/luque/.config/mpv/mpv.conf'
[   0.001][d][global] config path: 'config' -/-> '/home/luque/.config/mpv/config'
[   0.001][d][global] config path: 'mpv.conf' -/-> '/home/luque/.mpv/mpv.conf'
[   0.001][d][global] config path: 'config' -/-> '/home/luque/.mpv/config'
[   0.001][d][global] config path: 'mpv.conf' -/-> '/etc/mpv/mpv.conf'
[   0.001][d][global] config path: 'config' -/-> '/etc/mpv/config'
[   0.001][v][cplayer] Setting option 'osc' = 'no' (flags = 8)
[   0.001][v][cplayer] Setting option 'osd-bar' = 'no' (flags = 8)
[   0.001][v][cplayer] Setting option 'border' = 'no' (flags = 8)
[   0.001][v][cplayer] Setting option 'ontop' = '' (flags = 8)
[   0.001][v][cplayer] Setting option 'really-quiet' = '' (flags = 8)
[   0.001][v][cplayer] Setting option 'autofit' = '240x320' (flags = 8)
[   0.001][v][cplayer] Setting option 'geometry' = '240x320+0+0' (flags = 8)
[   0.001][v][cplayer] Setting option 'force-window' = 'immediate' (flags = 8)
[   0.001][v][cplayer] Setting option 'input-ipc-server' = '/home/luque/Documents/work/fiver/kanga2/mpvsocket' (flags = 8)
[   0.001][v][cplayer] Setting option 'idle' = 'yes' (flags = 8)
[   0.002][v][cplayer] Setting option 'image-display-duration' = '5' (flags = 8)
[   0.002][v][cplayer] Setting option 'log-file' = '/home/luque/Documents/work/fiver/kanga2/mpv.log' (flags = 8)
[   0.002][v][cplayer] Setting option 'msg-level' = 'all=info' (flags = 8)
[   0.003][d][global] config path: 'input.conf' -/-> '/home/luque/.config/mpv/input.conf'
[   0.003][d][global] config path: 'input.conf' -/-> '/home/luque/.mpv/input.conf'
[   0.003][d][global] config path: 'input.conf' -/-> '/etc/mpv/input.conf'
[   0.003][d][global] user path: '/home/luque/Documents/work/fiver/kanga2/mpv.log' -> '/home/luque/Documents/work/fiver/kanga2/mpv.log'
[   0.003][d][ytdl_hook] Loading lua script @ytdl_hook.lua...
[   0.003][d][stats] Loading lua script @stats.lua...
[   0.003][d][console] Loading lua script @console.lua...
[   0.003][d][auto_profiles] Loading lua script @auto_profiles.lua...
[   0.003][d][select] Loading lua script @select.lua...
[   0.003][d][global] user path: '/home/luque/Documents/work/fiver/kanga2/mpvsocket' -> '/home/luque/Documents/work/fiver/kanga2/mpvsocket'
[   0.003][d][global] config path: 'scripts' -/-> '/home/luque/.config/mpv/scripts'
[   0.003][d][global] config path: 'scripts' -/-> '/home/luque/.mpv/scripts'
[   0.003][d][global] config path: 'scripts' -/-> '/etc/mpv/scripts'
[   0.003][v][ipc] Starting IPC master
[   0.003][d][ytdl_hook] loading mp.defaults
[   0.003][v][vo/gpu] Probing for best GPU context.
[   0.003][v][vo/gpu/auto] Initializing GPU context 'auto'
[   0.003][v][vo/gpu/opengl] Initializing GPU context 'wayland'
[   0.003][d][console] loading mp.defaults
[   0.003][d][select] loading mp.defaults
[   0.003][d][stats] loading mp.defaults
[   0.003][d][auto_profiles] loading mp.defaults
[   0.003][v][ipc] Listening to IPC socket.
[   0.003][v][vo/gpu/wayland] Registered interface wl_compositor at version 6
[   0.003][v][vo/gpu/wayland] Registered interface wl_shm at version 1
[   0.003][v][vo/gpu/wayland] Registered interface wl_output at version 4
[   0.003][v][vo/gpu/wayland] Registered interface wl_data_device_manager at version 3
[   0.003][v][vo/gpu/wayland] Registered interface wl_subcompositor at version 1
[   0.003][v][vo/gpu/wayland] Registered interface xdg_wm_base at version 6
[   0.003][v][vo/gpu/wayland] Registered interface wp_viewporter at version 1
[   0.003][v][vo/gpu/wayland] Registered interface wp_fractional_scale_manager_v1 at version 1
[   0.003][v][vo/gpu/wayland] Registered interface wl_seat at version 8
[   0.003][v][vo/gpu/wayland] Registered interface zwp_linux_dmabuf_v1 at version 4
[   0.003][v][vo/gpu/wayland] Registered interface wp_single_pixel_buffer_manager_v1 at version 1
[   0.003][v][vo/gpu/wayland] Registered interface wp_presentation at version 1
[   0.003][v][vo/gpu/wayland] Registered interface zwp_idle_inhibit_manager_v1 at version 1
[   0.003][v][vo/gpu/wayland] Compositor doesn't support the wp_content_type_manager_v1 protocol!
[   0.003][v][vo/gpu/wayland] Compositor doesn't support the wp_cursor_shape_manager_v1 protocol!
[   0.003][v][vo/gpu/wayland] Compositor doesn't support the zxdg_decoration_manager_v1 protocol!
[   0.004][d][stats] loading @stats.lua
[   0.004][d][console] loading @console.lua
[   0.004][d][ytdl_hook] loading @ytdl_hook.lua
[   0.004][d][select] loading @select.lua
[   0.004][d][auto_profiles] loading @auto_profiles.lua
[   0.005][d][ytdl_hook] reading options for ytdl_hook
[   0.005][d][global] config path: 'script-opts/ytdl_hook.conf' -/-> '/home/luque/.config/mpv/script-opts/ytdl_hook.conf'
[   0.005][d][global] config path: 'script-opts/ytdl_hook.conf' -/-> '/home/luque/.mpv/script-opts/ytdl_hook.conf'
[   0.005][d][global] config path: 'script-opts/ytdl_hook.conf' -/-> '/etc/mpv/script-opts/ytdl_hook.conf'
[   0.005][d][ytdl_hook] script-opts/ytdl_hook.conf not found.
[   0.005][d][global] config path: 'lua-settings/ytdl_hook.conf' -/-> '/home/luque/.config/mpv/lua-settings/ytdl_hook.conf'
[   0.005][d][global] config path: 'lua-settings/ytdl_hook.conf' -/-> '/home/luque/.mpv/lua-settings/ytdl_hook.conf'
[   0.005][d][global] config path: 'lua-settings/ytdl_hook.conf' -/-> '/etc/mpv/lua-settings/ytdl_hook.conf'
[   0.005][d][ytdl_hook] lua-settings/ytdl_hook.conf not found.
[   0.005][d][stats] reading options for stats
[   0.005][d][global] config path: 'script-opts/stats.conf' -/-> '/home/luque/.config/mpv/script-opts/stats.conf'
[   0.005][d][global] config path: 'script-opts/stats.conf' -/-> '/home/luque/.mpv/script-opts/stats.conf'
[   0.005][d][global] config path: 'script-opts/stats.conf' -/-> '/etc/mpv/script-opts/stats.conf'
[   0.005][d][stats] script-opts/stats.conf not found.
[   0.005][d][global] config path: 'lua-settings/stats.conf' -/-> '/home/luque/.config/mpv/lua-settings/stats.conf'
[   0.005][d][global] config path: 'lua-settings/stats.conf' -/-> '/home/luque/.mpv/lua-settings/stats.conf'
[   0.005][d][global] config path: 'lua-settings/stats.conf' -/-> '/etc/mpv/lua-settings/stats.conf'
[   0.005][d][stats] lua-settings/stats.conf not found.
[   0.005][v][vo/gpu/wayland] Registered output AUO 0xfa9b (0x4):
[   0.005][v][vo/gpu/wayland] 	x: 0px, y: 0px
[   0.005][v][vo/gpu/wayland] 	w: 1920px (300mm), h: 1200px (190mm)
[   0.005][v][vo/gpu/wayland] 	scale: 1.000000
[   0.005][v][vo/gpu/wayland] 	Hz: 60.025000
[   0.006][d][vo/gpu/wayland] DRM primary plane supports drm format: C8  
[   0.006][d][vo/gpu/wayland] DRM primary plane supports drm format: RG16
[   0.006][d][vo/gpu/wayland] DRM primary plane supports drm format: XR24
[   0.006][d][vo/gpu/wayland] DRM primary plane supports drm format: XB24
[   0.006][d][vo/gpu/wayland] DRM primary plane supports drm format: AR24
[   0.006][d][vo/gpu/wayland] DRM primary plane supports drm format: AB24
[   0.006][d][vo/gpu/wayland] DRM primary plane supports drm format: XR30
[   0.006][d][vo/gpu/wayland] DRM primary plane supports drm format: XB30
[   0.006][d][vo/gpu/wayland] DRM primary plane supports drm format: AR30
[   0.006][d][vo/gpu/wayland] DRM primary plane supports drm format: AB30
[   0.006][d][vo/gpu/wayland] DRM primary plane supports drm format: XR4H
[   0.006][d][vo/gpu/wayland] DRM primary plane supports drm format: XB4H
[   0.006][d][vo/gpu/wayland] DRM primary plane supports drm format: AR4H
[   0.006][d][vo/gpu/wayland] DRM primary plane supports drm format: AB4H
[   0.006][d][vo/gpu/wayland] DRM primary plane supports drm format: YUYV
[   0.006][d][vo/gpu/wayland] DRM primary plane supports drm format: YVYU
[   0.006][d][vo/gpu/wayland] DRM primary plane supports drm format: UYVY
[   0.006][d][vo/gpu/wayland] DRM primary plane supports drm format: VYUY
[   0.006][d][vo/gpu/wayland] DRM primary plane supports drm format: NV12
[   0.006][d][vo/gpu/wayland] DRM primary plane supports drm format: P010
[   0.006][d][vo/gpu/wayland] DRM primary plane supports drm format: P012
[   0.006][d][vo/gpu/wayland] DRM primary plane supports drm format: P016
[   0.006][d][vo/gpu/wayland] DRM primary plane supports drm format: Y210
[   0.006][d][vo/gpu/wayland] DRM primary plane supports drm format: Y212
[   0.006][d][vo/gpu/wayland] DRM primary plane supports drm format: Y216
[   0.006][d][vo/gpu/wayland] DRM primary plane supports drm format: XYUV
[   0.006][d][vo/gpu/wayland] DRM primary plane supports drm format: XV30
[   0.006][d][vo/gpu/wayland] DRM primary plane supports drm format: XV36
[   0.006][d][vo/gpu/wayland] DRM primary plane supports drm format: XV48
[   0.006][d][vo/gpu/wayland] Compositor supports drm format: 'AB4H(0000000000000000)'
[   0.006][d][vo/gpu/wayland] Compositor supports drm format: 'AB4H(0100000000000001)'
[   0.006][d][vo/gpu/wayland] Compositor supports drm format: 'AB4H(0100000000000002)'
[   0.006][d][vo/gpu/wayland] Compositor supports drm format: 'AB4H(0100000000000006)'
[   0.006][d][vo/gpu/wayland] Compositor supports drm format: 'AB4H(0100000000000008)'
[   0.006][d][vo/gpu/wayland] Compositor supports drm format: 'AB4H(00ffffffffffffff)'
[   0.006][d][vo/gpu/wayland] Compositor supports drm format: 'XB4H(0000000000000000)'
[   0.006][d][vo/gpu/wayland] Compositor supports drm format: 'XB4H(0100000000000001)'
[   0.006][d][vo/gpu/wayland] Compositor supports drm format: 'XB4H(0100000000000002)'
[   0.006][d][vo/gpu/wayland] Compositor supports drm format: 'XB4H(0100000000000006)'
[   0.006][d][vo/gpu/wayland] Compositor supports drm format: 'XB4H(0100000000000008)'
[   0.006][d][vo/gpu/wayland] Compositor supports drm format: 'XB4H(00ffffffffffffff)'
[   0.006][d][vo/gpu/wayland] Compositor supports drm format: 'AR30(0000000000000000)'
[   0.006][d][vo/gpu/wayland] Compositor supports drm format: 'AR30(0100000000000001)'
[   0.006][d][vo/gpu/wayland] Compositor supports drm format: 'AR30(0100000000000002)'
[   0.006][d][vo/gpu/wayland] Compositor supports drm format: 'AR30(0100000000000006)'
[   0.006][d][vo/gpu/wayland] Compositor supports drm format: 'AR30(0100000000000008)'
[   0.006][d][vo/gpu/wayland] Compositor supports drm format: 'AR30(00ffffffffffffff)'
[   0.006][d][vo/gpu/wayland] Compositor supports drm format: 'XR30(0000000000000000)'
[   0.006][d][vo/gpu/wayland] Compositor supports drm format: 'XR30(0100000000000001)'
[   0.006][d][vo/gpu/wayland] Compositor supports drm format: 'XR30(0100000000000002)'
[   0.006][d][vo/gpu/wayland] Compositor supports drm format: 'XR30(0100000000000006)'
[   0.006][d][vo/gpu/wayland] Compositor supports drm format: 'XR30(0100000000000008)'
[   0.006][d][vo/gpu/wayland] Compositor supports drm format: 'XR30(00ffffffffffffff)'
[   0.006][d][vo/gpu/wayland] Compositor supports drm format: 'AB30(0000000000000000)'
[   0.006][d][vo/gpu/wayland] Compositor supports drm format: 'AB30(0100000000000001)'
[   0.006][d][vo/gpu/wayland] Compositor supports drm format: 'AB30(0100000000000002)'
[   0.006][d][vo/gpu/wayland] Compositor supports drm format: 'AB30(0100000000000006)'
[   0.006][d][vo/gpu/wayland] Compositor supports drm format: 'AB30(0100000000000008)'
[   0.006][d][vo/gpu/wayland] Compositor supports drm format: 'AB30(00ffffffffffffff)'
[   0.006][d][vo/gpu/wayland] Compositor supports drm format: 'AR24(0000000000000000)'
[   0.006][d][vo/gpu/wayland] Compositor supports drm format: 'AR24(0100000000000001)'
[   0.006][d][vo/gpu/wayland] Compositor supports drm format: 'AR24(0100000000000002)'
[   0.006][d][vo/gpu/wayland] Compositor supports drm format: 'AR24(0100000000000006)'
[   0.006][d][vo/gpu/wayland] Compositor supports drm format: 'AR24(0100000000000007)'
[   0.006][d][vo/gpu/wayland] Compositor supports drm format: 'AR24(0100000000000008)'
[   0.006][d][vo/gpu/wayland] Compositor supports drm format: 'AR24(00ffffffffffffff)'
[   0.006][d][vo/gpu/wayland] Compositor supports drm format: 'AB24(0000000000000000)'
[   0.006][d][vo/gpu/wayland] Compositor supports drm format: 'AB24(0100000000000001)'
[   0.006][d][vo/gpu/wayland] Compositor supports drm format: 'AB24(0100000000000002)'
[   0.006][d][vo/gpu/wayland] Compositor supports drm format: 'AB24(0100000000000006)'
[   0.006][d][vo/gpu/wayland] Compositor supports drm format: 'AB24(0100000000000007)'
[   0.006][d][vo/gpu/wayland] Compositor supports drm format: 'AB24(0100000000000008)'
[   0.006][d][vo/gpu/wayland] Compositor supports drm format: 'AB24(00ffffffffffffff)'
[   0.006][d][vo/gpu/wayland] Compositor supports drm format: 'XR24(0000000000000000)'
[   0.006][d][vo/gpu/wayland] Compositor supports drm format: 'XR24(0100000000000001)'
[   0.006][d][vo/gpu/wayland] Compositor supports drm format: 'XR24(0100000000000002)'
[   0.006][d][vo/gpu/wayland] Compositor supports drm format: 'XR24(0100000000000006)'
[   0.006][d][vo/gpu/wayland] Compositor supports drm format: 'XR24(0100000000000007)'
[   0.006][d][vo/gpu/wayland] Compositor supports drm format: 'XR24(0100000000000008)'
[   0.006][d][vo/gpu/wayland] Compositor supports drm format: 'XR24(00ffffffffffffff)'
[   0.006][d][vo/gpu/wayland] Compositor supports drm format: 'XB24(0000000000000000)'
[   0.006][d][vo/gpu/wayland] Compositor supports drm format: 'XB24(0100000000000001)'
[   0.006][d][vo/gpu/wayland] Compositor supports drm format: 'XB24(0100000000000002)'
[   0.006][d][vo/gpu/wayland] Compositor supports drm format: 'XB24(0100000000000006)'
[   0.006][d][vo/gpu/wayland] Compositor supports drm format: 'XB24(0100000000000007)'
[   0.006][d][vo/gpu/wayland] Compositor supports drm format: 'XB24(0100000000000008)'
[   0.006][d][vo/gpu/wayland] Compositor supports drm format: 'XB24(00ffffffffffffff)'
[   0.006][d][vo/gpu/wayland] Compositor supports drm format: 'RG16(0000000000000000)'
[   0.006][d][vo/gpu/wayland] Compositor supports drm format: 'RG16(0100000000000001)'
[   0.006][d][vo/gpu/wayland] Compositor supports drm format: 'RG16(0100000000000002)'
[   0.006][d][vo/gpu/wayland] Compositor supports drm format: 'RG16(0100000000000006)'
[   0.006][d][vo/gpu/wayland] Compositor supports drm format: 'RG16(0100000000000008)'
[   0.006][d][vo/gpu/wayland] Compositor supports drm format: 'RG16(00ffffffffffffff)'
[   0.006][d][vo/gpu/wayland] Compositor supports drm format: 'YU12(0000000000000000)'
[   0.006][d][vo/gpu/wayland] Compositor supports drm format: 'YU12(0100000000000001)'
[   0.006][d][vo/gpu/wayland] Compositor supports drm format: 'YU12(0100000000000002)'
[   0.006][d][vo/gpu/wayland] Compositor supports drm format: 'YU12(00ffffffffffffff)'
[   0.006][d][vo/gpu/wayland] Compositor supports drm format: 'NV12(0000000000000000)'
[   0.006][d][vo/gpu/wayland] Compositor supports drm format: 'NV12(0100000000000001)'
[   0.006][d][vo/gpu/wayland] Compositor supports drm format: 'NV12(0100000000000002)'
[   0.006][d][vo/gpu/wayland] Compositor supports drm format: 'NV12(0100000000000007)'
[   0.006][d][vo/gpu/wayland] Compositor supports drm format: 'NV12(00ffffffffffffff)'
[   0.006][d][vo/gpu/wayland] Compositor supports drm format: 'P010(0000000000000000)'
[   0.006][d][vo/gpu/wayland] Compositor supports drm format: 'P010(0100000000000001)'
[   0.006][d][vo/gpu/wayland] Compositor supports drm format: 'P010(0100000000000002)'
[   0.006][d][vo/gpu/wayland] Compositor supports drm format: 'P010(0100000000000007)'
[   0.006][d][vo/gpu/wayland] Compositor supports drm format: 'P010(00ffffffffffffff)'
[   0.006][d][vo/gpu/wayland] Compositor supports drm format: 'YUYV(0000000000000000)'
[   0.006][d][vo/gpu/wayland] Compositor supports drm format: 'YUYV(0100000000000001)'
[   0.006][d][vo/gpu/wayland] Compositor supports drm format: 'YUYV(0100000000000002)'
[   0.006][d][vo/gpu/wayland] Compositor supports drm format: 'YUYV(0100000000000006)'
[   0.006][d][vo/gpu/wayland] Compositor supports drm format: 'YUYV(0100000000000007)'
[   0.006][d][vo/gpu/wayland] Compositor supports drm format: 'YUYV(0100000000000008)'
[   0.006][d][vo/gpu/wayland] Compositor supports drm format: 'YUYV(00ffffffffffffff)'
[   0.059][v][vo/gpu/opengl] EGL_VERSION=1.5
[   0.059][v][vo/gpu/opengl] EGL_VENDOR=Mesa Project
[   0.059][v][vo/gpu/opengl] EGL_CLIENT_APIS=OpenGL OpenGL_ES 
[   0.059][v][vo/gpu/opengl] Trying to create Desktop OpenGL context.
[   0.059][d][vo/gpu/opengl] Chosen EGLConfig:
[   0.059][d][vo/gpu/opengl]   EGL_CONFIG_ID=0x15
[   0.059][d][vo/gpu/opengl]   EGL_RED_SIZE=0xa
[   0.059][d][vo/gpu/opengl]   EGL_GREEN_SIZE=0xa
[   0.059][d][vo/gpu/opengl]   EGL_BLUE_SIZE=0xa
[   0.059][d][vo/gpu/opengl]   EGL_ALPHA_SIZE=0x0
[   0.059][d][vo/gpu/opengl]   EGL_COLOR_BUFFER_TYPE=0x308e
[   0.059][d][vo/gpu/opengl]   EGL_CONFIG_CAVEAT=0x3038
[   0.059][d][vo/gpu/opengl]   EGL_CONFORMANT=0x4d
[   0.059][d][vo/gpu/opengl]   EGL_NATIVE_VISUAL_ID=0x0
[   0.062][v][vo/gpu/wayland] GL_VERSION='4.6 (Core Profile) Mesa 25.0.4'
[   0.062][v][vo/gpu/wayland] Detected desktop OpenGL 4.6.
[   0.062][v][vo/gpu/wayland] GL_VENDOR='Intel'
[   0.062][v][vo/gpu/wayland] GL_RENDERER='Mesa Intel(R) Iris(R) Xe Graphics (ADL GT2)'
[   0.062][v][vo/gpu/wayland] GL_SHADING_LANGUAGE_VERSION='4.60'
[   0.062][d][vo/gpu/wayland] Combined OpenGL extensions string:
[   0.062][d][vo/gpu/wayland] EGL_ANDROID_blob_cache EGL_ANDROID_native_fence_sync EGL_EXT_buffer_age EGL_EXT_config_select_group EGL_EXT_create_context_robustness EGL_EXT_image_dma_buf_import EGL_EXT_image_dma_buf_import_modifiers EGL_EXT_present_opaque EGL_EXT_protected_content EGL_EXT_query_reset_notification_strategy EGL_EXT_surface_compression EGL_EXT_swap_buffers_with_damage EGL_IMG_context_priority EGL_KHR_cl_event2 EGL_KHR_config_attribs EGL_KHR_context_flush_control EGL_KHR_create_context EGL_KHR_create_context_no_error EGL_KHR_fence_sync EGL_KHR_get_all_proc_addresses EGL_KHR_gl_colorspace EGL_KHR_gl_renderbuffer_image EGL_KHR_gl_texture_2D_image EGL_KHR_gl_texture_3D_image EGL_KHR_gl_texture_cubemap_image EGL_KHR_image_base EGL_KHR_no_config_context EGL_KHR_partial_update EGL_KHR_reusable_sync EGL_KHR_surfaceless_context EGL_KHR_swap_buffers_with_damage EGL_EXT_pixel_format_float EGL_KHR_wait_sync EGL_MESA_configless_context EGL_MESA_drm_image EGL_MESA_gl_interop EGL_MESA_image_dma_buf_export EGL_MESA_query_driver EGL_MESA_x11_native_visual_id EGL_WL_bind_wayland_display EGL_WL_create_wayland_buffer_from_image  GL_3DFX_texture_compression_FXT1 GL_AMD_conservative_depth GL_AMD_depth_clamp_separate GL_AMD_draw_buffers_blend GL_AMD_gpu_shader_int64 GL_AMD_multi_draw_indirect GL_AMD_performance_monitor GL_AMD_pinned_memory GL_AMD_query_buffer_object GL_AMD_seamless_cubemap_per_texture GL_AMD_shader_stencil_export GL_AMD_shader_trinary_minmax GL_AMD_texture_texture4 GL_AMD_vertex_shader_layer GL_AMD_vertex_shader_viewport_index GL_ANGLE_texture_compression_dxt3 GL_ANGLE_texture_compression_dxt5 GL_ARB_ES2_compatibility GL_ARB_ES3_1_compatibility GL_ARB_ES3_2_compatibility GL_ARB_ES3_compatibility GL_ARB_arrays_of_arrays GL_ARB_base_instance GL_ARB_blend_func_extended GL_ARB_buffer_storage GL_ARB_clear_buffer_object GL_ARB_clear_texture GL_ARB_clip_control GL_ARB_compressed_texture_pixel_storage GL_ARB_compute_shader GL_ARB_compute_variable_group_size GL_ARB_conditional_render_inverted GL_ARB_conservative_depth GL_ARB_copy_buffer GL_ARB_copy_image GL_ARB_cull_distance GL_ARB_debug_output GL_ARB_depth_buffer_float GL_ARB_depth_clamp GL_ARB_derivative_control GL_ARB_direct_state_access GL_ARB_draw_buffers GL_ARB_draw_buffers_blend GL_ARB_draw_elements_base_vertex GL_ARB_draw_indirect GL_ARB_draw_instanced GL_ARB_enhanced_layouts GL_ARB_explicit_attrib_location GL_ARB_explicit_uniform_location GL_ARB_fragment_coord_conventions GL_ARB_fragment_layer_viewport GL_ARB_fragment_shader GL_ARB_fragment_shader_interlock GL_ARB_framebuffer_no_attachments GL_ARB_framebuffer_object GL_ARB_framebuffer_sRGB GL_ARB_get_program_binary GL_ARB_get_texture_sub_image GL_ARB_gl_spirv GL_ARB_gpu_shader5 GL_ARB_gpu_shader_fp64 GL_ARB_gpu_shader_int64 GL_ARB_half_float_pixel GL_ARB_half_float_vertex GL_ARB_indirect_parameters GL_ARB_instanced_arrays GL_ARB_internalformat_query GL_ARB_internalformat_query2 GL_ARB_invalidate_subdata GL_ARB_map_buffer_alignment GL_ARB_map_buffer_range GL_ARB_multi_bind GL_ARB_multi_draw_indirect GL_ARB_occlusion_query2 GL_ARB_parallel_shader_compile GL_ARB_pipeline_statistics_query GL_ARB_pixel_buffer_object GL_ARB_point_sprite GL_ARB_polygon_offset_clamp GL_ARB_post_depth_coverage GL_ARB_program_interface_query GL_ARB_provoking_vertex GL_ARB_query_buffer_object GL_ARB_robust_buffer_access_behavior GL_ARB_robustness GL_ARB_sample_shading GL_ARB_sampler_objects GL_ARB_seamless_cube_map GL_ARB_seamless_cubemap_per_texture GL_ARB_separate_shader_objects GL_ARB_shader_atomic_counter_ops GL_ARB_shader_atomic_counters GL_ARB_shader_ballot GL_ARB_shader_bit_encoding GL_ARB_shader_clock GL_ARB_shader_draw_parameters GL_ARB_shader_group_vote GL_ARB_shader_image_load_store GL_ARB_shader_image_size GL_ARB_shader_objects GL_ARB_shader_precision GL_ARB_shader_stencil_export GL_ARB_shader_storage_buffer_object GL_ARB_shader_subroutine GL_ARB_shader_texture_image_samples GL_ARB_shader_texture_lod GL_ARB_shader_viewport_layer_array GL_ARB_shading_language_420pack GL_ARB_shading_language_include GL_ARB_shading_language_packing GL_ARB_spirv_extensions GL_ARB_stencil_texturing GL_ARB_sync GL_ARB_tessellation_shader GL_ARB_texture_barrier GL_ARB_texture_border_clamp GL_ARB_texture_buffer_object GL_ARB_texture_buffer_object_rgb32 GL_ARB_texture_buffer_range GL_ARB_texture_compression_bptc GL_ARB_texture_compression_rgtc GL_ARB_texture_cube_map_array GL_ARB_texture_filter_anisotropic GL_ARB_texture_float GL_ARB_texture_gather GL_ARB_texture_mirror_clamp_to_edge GL_ARB_texture_multisample GL_ARB_texture_non_power_of_two GL_ARB_texture_query_levels GL_ARB_texture_query_lod GL_ARB_texture_rectangle GL_ARB_texture_rg GL_ARB_texture_rgb10_a2ui GL_ARB_texture_stencil8 GL_ARB_texture_storage GL_ARB_texture_storage_multisample GL_ARB_texture_swizzle GL_ARB_texture_view GL_ARB_timer_query GL_ARB_transform_feedback2 GL_ARB_transform_feedback3 GL_ARB_transform_feedback_instanced GL_ARB_transform_feedback_overflow_query GL_ARB_uniform_buffer_object GL_ARB_vertex_array_bgra GL_ARB_vertex_array_object GL_ARB_vertex_attrib_64bit GL_ARB_vertex_attrib_binding GL_ARB_vertex_buffer_object GL_ARB_vertex_shader GL_ARB_vertex_type_10f_11f_11f_rev GL_ARB_vertex_type_2_10_10_10_rev GL_ARB_viewport_array GL_ATI_blend_equation_separate GL_ATI_texture_float GL_EXT_EGL_image_storage GL_EXT_EGL_image_storage_compression GL_EXT_EGL_sync GL_EXT_abgr GL_EXT_blend_equation_separate GL_EXT_debug_label GL_EXT_demote_to_helper_invocation GL_EXT_depth_bounds_test GL_EXT_draw_buffers2 GL_EXT_draw_instanced GL_EXT_framebuffer_blit GL_EXT_framebuffer_multisample GL_EXT_framebuffer_multisample_blit_scaled GL_EXT_framebuffer_object GL_EXT_framebuffer_sRGB GL_EXT_memory_object GL_EXT_memory_object_fd GL_EXT_packed_depth_stencil GL_EXT_packed_float GL_EXT_pixel_buffer_object GL_EXT_polygon_offset_clamp GL_EXT_provoking_vertex GL_EXT_semaphore GL_EXT_semaphore_fd GL_EXT_shader_framebuffer_fetch GL_EXT_shader_framebuffer_fetch_non_coherent GL_EXT_shader_integer_mix GL_EXT_shader_samples_identical GL_EXT_texture_array GL_EXT_texture_compression_dxt1 GL_EXT_texture_compression_rgtc GL_EXT_texture_compression_s3tc GL_EXT_texture_filter_anisotropic GL_EXT_texture_integer GL_EXT_texture_sRGB GL_EXT_texture_sRGB_R8 GL_EXT_texture_sRGB_decode GL_EXT_texture_shadow_lod GL_EXT_texture_shared_exponent GL_EXT_texture_snorm GL_EXT_texture_storage GL_EXT_texture_swizzle GL_EXT_timer_query GL_EXT_transform_feedback GL_EXT_vertex_array_bgra GL_EXT_vertex_attrib_64bit GL_IBM_multimode_draw_arrays GL_INTEL_blackhole_render GL_INTEL_conservative_rasterization GL_INTEL_performance_query GL_INTEL_shader_atomic_float_minmax GL_INTEL_shader_integer_functions2 GL_KHR_blend_equation_advanced GL_KHR_blend_equation_advanced_coherent GL_KHR_context_flush_control GL_KHR_debug GL_KHR_no_error GL_KHR_parallel_shader_compile GL_KHR_robust_buffer_access_behavior GL_KHR_robustness GL_KHR_texture_compression_astc_ldr GL_KHR_texture_compression_astc_sliced_3d GL_MESA_framebuffer_flip_y GL_MESA_pack_invert GL_MESA_shader_integer_functions GL_MESA_texture_const_bandwidth GL_MESA_texture_signed_rgba GL_NV_alpha_to_coverage_dither_control GL_NV_compute_shader_derivatives GL_NV_conditional_render GL_NV_copy_image GL_NV_depth_clamp GL_NV_fragment_shader_interlock GL_NV_packed_depth_stencil GL_NV_texture_barrier GL_OES_EGL_image GL_S3_s3tc
[   0.062][v][vo/gpu/wayland] Loaded extension GL_KHR_debug.
[   0.063][d][vo/gpu/opengl] Texture formats:
[   0.063][d][vo/gpu/opengl]   NAME       COMP*TYPE SIZE           DEPTH PER COMP.
[   0.063][d][vo/gpu/opengl]   r8         1*unorm   1B    LF CR ST {8}
[   0.063][d][vo/gpu/opengl]   rg8        2*unorm   2B    LF CR ST {8 8}
[   0.063][d][vo/gpu/opengl]   rgb8       3*unorm   3B    LF CR ST {8 8 8}
[   0.063][d][vo/gpu/opengl]   rgba8      4*unorm   4B    LF CR ST {8 8 8 8}
[   0.063][d][vo/gpu/opengl]   r16        1*unorm   2B    LF CR ST {16}
[   0.063][d][vo/gpu/opengl]   rg16       2*unorm   4B    LF CR ST {16 16}
[   0.063][d][vo/gpu/opengl]   rgb16      3*unorm   6B    LF CR ST {16 16 16}
[   0.063][d][vo/gpu/opengl]   rgba16     4*unorm   8B    LF CR ST {16 16 16 16}
[   0.063][d][vo/gpu/opengl]   r8ui       1*uint    1B       CR ST {8}
[   0.063][d][vo/gpu/opengl]   rg8ui      2*uint    2B       CR ST {8 8}
[   0.063][d][vo/gpu/opengl]   rgb8ui     3*uint    3B          ST {8 8 8}
[   0.063][d][vo/gpu/opengl]   rgba8ui    4*uint    4B       CR ST {8 8 8 8}
[   0.063][d][vo/gpu/opengl]   r16ui      1*uint    2B       CR ST {16}
[   0.063][d][vo/gpu/opengl]   rg16ui     2*uint    4B       CR ST {16 16}
[   0.063][d][vo/gpu/opengl]   rgb16ui    3*uint    6B          ST {16 16 16}
[   0.063][d][vo/gpu/opengl]   rgba16ui   4*uint    8B       CR ST {16 16 16 16}
[   0.063][d][vo/gpu/opengl]   r16f       1*float   4B    LF CR ST {32/16}
[   0.063][d][vo/gpu/opengl]   rg16f      2*float   8B    LF CR ST {32/16 32/16}
[   0.063][d][vo/gpu/opengl]   rgb16f     3*float  12B    LF CR ST {32/16 32/16 32/16}
[   0.063][d][vo/gpu/opengl]   rgba16f    4*float  16B    LF CR ST {32/16 32/16 32/16 32/16}
[   0.063][d][vo/gpu/opengl]   r32f       1*float   4B    LF CR ST {32}
[   0.063][d][vo/gpu/opengl]   rg32f      2*float   8B    LF CR ST {32 32}
[   0.063][d][vo/gpu/opengl]   rgb32f     3*float  12B    LF CR ST {32 32 32}
[   0.063][d][vo/gpu/opengl]   rgba32f    4*float  16B    LF CR ST {32 32 32 32}
[   0.063][d][vo/gpu/opengl]   rgb10_a2   4*unorm   4B    LF CR ST {0/10 0/10 0/10 0/2}
[   0.063][d][vo/gpu/opengl]   rgba12     4*unorm   8B    LF CR ST {16 16 16 16}
[   0.063][d][vo/gpu/opengl]   rgb10      3*unorm   6B    LF CR ST {16/10 16/10 16/10}
[   0.063][d][vo/gpu/opengl]   rgb565     3*unorm   2B    LF    ST {0/8 0/8 0/8}
[   0.063][d][vo/gpu/opengl]  LA = LUMINANCE_ALPHA hack format
[   0.063][d][vo/gpu/opengl]  LF = linear filterable
[   0.063][d][vo/gpu/opengl]  CR = can be used for render targets
[   0.063][d][vo/gpu/opengl]  ST = can be used for storable images
[   0.063][d][vo/gpu/opengl] Image formats:
[   0.063][d][vo/gpu/opengl]   yuv444p => 3 planes 1x1 8/0 [r8/r8/r8] (r/g/b) [unorm]
[   0.063][d][vo/gpu/opengl]   yuv420p => 3 planes 2x2 8/0 [r8/r8/r8] (r/g/b) [unorm]
[   0.063][d][vo/gpu/opengl]   gray => 1 planes 1x1 8/0 [r8] (r) [unorm]
[   0.063][d][vo/gpu/opengl]   gray16 => 1 planes 1x1 16/0 [r16] (r) [unorm]
[   0.063][d][vo/gpu/opengl]   uyvy422
[   0.063][d][vo/gpu/opengl]   nv12 => 2 planes 2x2 8/0 [r8/rg8] (r/gb) [unorm]
[   0.063][d][vo/gpu/opengl]   p010 => 2 planes 2x2 16/6 [r16/rg16] (r/gb) [unorm]
[   0.063][d][vo/gpu/opengl]   argb => 1 planes 1x1 8/0 [rgba8] (argb) [unorm]
[   0.063][d][vo/gpu/opengl]   bgra => 1 planes 1x1 8/0 [rgba8] (bgra) [unorm]
[   0.063][d][vo/gpu/opengl]   abgr => 1 planes 1x1 8/0 [rgba8] (abgr) [unorm]
[   0.063][d][vo/gpu/opengl]   rgba => 1 planes 1x1 8/0 [rgba8] (rgba) [unorm]
[   0.063][d][vo/gpu/opengl]   bgr24 => 1 planes 1x1 8/0 [rgb8] (bgr) [unorm]
[   0.063][d][vo/gpu/opengl]   rgb24 => 1 planes 1x1 8/0 [rgb8] (rgb) [unorm]
[   0.063][d][vo/gpu/opengl]   0rgb => 1 planes 1x1 8/0 [rgba8] (_rgb) [unorm]
[   0.063][d][vo/gpu/opengl]   bgr0 => 1 planes 1x1 8/0 [rgba8] (bgr) [unorm]
[   0.063][d][vo/gpu/opengl]   0bgr => 1 planes 1x1 8/0 [rgba8] (_bgr) [unorm]
[   0.063][d][vo/gpu/opengl]   rgb0 => 1 planes 1x1 8/0 [rgba8] (rgb) [unorm]
[   0.063][d][vo/gpu/opengl]   rgba64 => 1 planes 1x1 16/0 [rgba16] (rgba) [unorm]
[   0.063][d][vo/gpu/opengl]   rgb565 => 1 planes 1x1 0/0 [rgb565] (rgb) [unknown]
[   0.063][d][vo/gpu/opengl]   pal8
[   0.063][d][vo/gpu/opengl]   vdpau
[   0.063][d][vo/gpu/opengl]   d3d11
[   0.063][d][vo/gpu/opengl]   dxva2_vld
[   0.063][d][vo/gpu/opengl]   mmal
[   0.064][d][vo/gpu/opengl]   mediacodec
[   0.064][d][vo/gpu/opengl]   cuda
[   0.064][d][vo/gpu/opengl]   yap8 => 2 planes 1x1 8/0 [r8/r8] (r/a) [unorm]
[   0.064][d][vo/gpu/opengl]   yap16 => 2 planes 1x1 16/0 [r16/r16] (r/a) [unorm]
[   0.064][d][vo/gpu/opengl]   grayaf32 => 2 planes 1x1 32/0 [r16f/r16f] (r/a) [float]
[   0.064][d][vo/gpu/opengl]   yuv444pf => 3 planes 1x1 32/0 [r16f/r16f/r16f] (r/g/b) [float]
[   0.064][d][vo/gpu/opengl]   yuva444pf => 4 planes 1x1 32/0 [r16f/r16f/r16f/r16f] (r/g/b/a) [float]
[   0.064][d][vo/gpu/opengl]   yuv420pf => 3 planes 2x2 32/0 [r16f/r16f/r16f] (r/g/b) [float]
[   0.064][d][vo/gpu/opengl]   yuva420pf => 4 planes 2x2 32/0 [r16f/r16f/r16f/r16f] (r/g/b/a) [float]
[   0.064][d][vo/gpu/opengl]   yuv422pf => 3 planes 2x1 32/0 [r16f/r16f/r16f] (r/g/b) [float]
[   0.064][d][vo/gpu/opengl]   yuva422pf => 4 planes 2x1 32/0 [r16f/r16f/r16f/r16f] (r/g/b/a) [float]
[   0.064][d][vo/gpu/opengl]   yuv440pf => 3 planes 1x2 32/0 [r16f/r16f/r16f] (r/g/b) [float]
[   0.064][d][vo/gpu/opengl]   yuva440pf => 4 planes 1x2 32/0 [r16f/r16f/r16f/r16f] (r/g/b/a) [float]
[   0.064][d][vo/gpu/opengl]   yuv410pf => 3 planes 4x4 32/0 [r16f/r16f/r16f] (r/g/b) [float]
[   0.064][d][vo/gpu/opengl]   yuva410pf => 4 planes 4x4 32/0 [r16f/r16f/r16f/r16f] (r/g/b/a) [float]
[   0.064][d][vo/gpu/opengl]   yuv411pf => 3 planes 4x1 32/0 [r16f/r16f/r16f] (r/g/b) [float]
[   0.064][d][vo/gpu/opengl]   yuva411pf => 4 planes 4x1 32/0 [r16f/r16f/r16f/r16f] (r/g/b/a) [float]
[   0.064][d][vo/gpu/opengl]   rgb30 => 1 planes 1x1 10/0 [rgb10_a2] (bgr) [unknown]
[   0.064][d][vo/gpu/opengl]   y1 => 1 planes 1x1 8/-7 [r8] (r) [unorm]
[   0.064][d][vo/gpu/opengl]   gbrp1 => 3 planes 1x1 8/-7 [r8/r8/r8] (g/b/r) [unorm]
[   0.064][d][vo/gpu/opengl]   gbrp2 => 3 planes 1x1 8/-6 [r8/r8/r8] (g/b/r) [unorm]
[   0.064][d][vo/gpu/opengl]   gbrp3 => 3 planes 1x1 8/-5 [r8/r8/r8] (g/b/r) [unorm]
[   0.064][d][vo/gpu/opengl]   gbrp4 => 3 planes 1x1 8/-4 [r8/r8/r8] (g/b/r) [unorm]
[   0.064][d][vo/gpu/opengl]   gbrp5 => 3 planes 1x1 8/-3 [r8/r8/r8] (g/b/r) [unorm]
[   0.064][d][vo/gpu/opengl]   gbrp6 => 3 planes 1x1 8/-2 [r8/r8/r8] (g/b/r) [unorm]
[   0.064][d][vo/gpu/opengl]   vdpau_output
[   0.064][d][vo/gpu/opengl]   vaapi
[   0.064][d][vo/gpu/opengl]   videotoolbox
[   0.064][d][vo/gpu/opengl]   vulkan
[   0.064][d][vo/gpu/opengl]   drm_prime
[   0.064][d][vo/gpu/opengl]   yuyv422
[   0.064][d][vo/gpu/opengl]   yuv422p => 3 planes 2x1 8/0 [r8/r8/r8] (r/g/b) [unorm]
[   0.064][d][vo/gpu/opengl]   yuv410p => 3 planes 4x4 8/0 [r8/r8/r8] (r/g/b) [unorm]
[   0.064][d][vo/gpu/opengl]   yuv411p => 3 planes 4x1 8/0 [r8/r8/r8] (r/g/b) [unorm]
[   0.064][d][vo/gpu/opengl]   monow
[   0.064][d][vo/gpu/opengl]   monob
[   0.064][d][vo/gpu/opengl]   yuvj422p => 3 planes 2x1 8/0 [r8/r8/r8] (r/g/b) [unorm]
[   0.064][d][vo/gpu/opengl]   uyyvyy411
[   0.064][d][vo/gpu/opengl]   bgr8
[   0.064][d][vo/gpu/opengl]   bgr4
[   0.064][d][vo/gpu/opengl]   bgr4_byte
[   0.064][d][vo/gpu/opengl]   rgb8
[   0.064][d][vo/gpu/opengl]   rgb4
[   0.064][d][vo/gpu/opengl]   rgb4_byte
[   0.064][d][vo/gpu/opengl]   nv21 => 2 planes 2x2 8/0 [r8/rg8] (r/bg) [unorm]
[   0.064][d][vo/gpu/opengl]   gray16be
[   0.064][d][vo/gpu/opengl]   yuv440p => 3 planes 1x2 8/0 [r8/r8/r8] (r/g/b) [unorm]
[   0.064][d][vo/gpu/opengl]   yuvj440p => 3 planes 1x2 8/0 [r8/r8/r8] (r/g/b) [unorm]
[   0.064][d][vo/gpu/opengl]   yuva420p => 4 planes 2x2 8/0 [r8/r8/r8/r8] (r/g/b/a) [unorm]
[   0.064][d][vo/gpu/opengl]   rgb48be
[   0.064][d][vo/gpu/opengl]   rgb48 => 1 planes 1x1 16/0 [rgb16] (rgb) [unorm]
[   0.064][d][vo/gpu/opengl]   rgb565be
[   0.064][d][vo/gpu/opengl]   rgb555be
[   0.064][d][vo/gpu/opengl]   rgb555
[   0.064][d][vo/gpu/opengl]   bgr565be
[   0.064][d][vo/gpu/opengl]   bgr565
[   0.064][d][vo/gpu/opengl]   bgr555be
[   0.064][d][vo/gpu/opengl]   bgr555
[   0.064][d][vo/gpu/opengl]   yuv420p16 => 3 planes 2x2 16/0 [r16/r16/r16] (r/g/b) [unorm]
[   0.064][d][vo/gpu/opengl]   yuv420p16be
[   0.064][d][vo/gpu/opengl]   yuv422p16 => 3 planes 2x1 16/0 [r16/r16/r16] (r/g/b) [unorm]
[   0.064][d][vo/gpu/opengl]   yuv422p16be
[   0.064][d][vo/gpu/opengl]   yuv444p16 => 3 planes 1x1 16/0 [r16/r16/r16] (r/g/b) [unorm]
[   0.064][d][vo/gpu/opengl]   yuv444p16be
[   0.064][d][vo/gpu/opengl]   rgb444
[   0.064][d][vo/gpu/opengl]   rgb444be
[   0.064][d][vo/gpu/opengl]   bgr444
[   0.064][d][vo/gpu/opengl]   bgr444be
[   0.064][d][vo/gpu/opengl]   ya8 => 1 planes 1x1 8/0 [rg8] (ra) [unorm]
[   0.064][d][vo/gpu/opengl]   bgr48be
[   0.064][d][vo/gpu/opengl]   bgr48 => 1 planes 1x1 16/0 [rgb16] (bgr) [unorm]
[   0.064][d][vo/gpu/opengl]   yuv420p9be
[   0.064][d][vo/gpu/opengl]   yuv420p9 => 3 planes 2x2 16/-7 [r16/r16/r16] (r/g/b) [unorm]
[   0.064][d][vo/gpu/opengl]   yuv420p10be
[   0.064][d][vo/gpu/opengl]   yuv420p10 => 3 planes 2x2 16/-6 [r16/r16/r16] (r/g/b) [unorm]
[   0.064][d][vo/gpu/opengl]   yuv422p10be
[   0.064][d][vo/gpu/opengl]   yuv422p10 => 3 planes 2x1 16/-6 [r16/r16/r16] (r/g/b) [unorm]
[   0.064][d][vo/gpu/opengl]   yuv444p9be
[   0.064][d][vo/gpu/opengl]   yuv444p9 => 3 planes 1x1 16/-7 [r16/r16/r16] (r/g/b) [unorm]
[   0.064][d][vo/gpu/opengl]   yuv444p10be
[   0.064][d][vo/gpu/opengl]   yuv444p10 => 3 planes 1x1 16/-6 [r16/r16/r16] (r/g/b) [unorm]
[   0.064][d][vo/gpu/opengl]   yuv422p9be
[   0.064][d][vo/gpu/opengl]   yuv422p9 => 3 planes 2x1 16/-7 [r16/r16/r16] (r/g/b) [unorm]
[   0.064][d][vo/gpu/opengl]   gbrp => 3 planes 1x1 8/0 [r8/r8/r8] (g/b/r) [unorm]
[   0.064][d][vo/gpu/opengl]   gbrp9be
[   0.064][d][vo/gpu/opengl]   gbrp9 => 3 planes 1x1 16/-7 [r16/r16/r16] (g/b/r) [unorm]
[   0.064][d][vo/gpu/opengl]   gbrp10be
[   0.064][d][vo/gpu/opengl]   gbrp10 => 3 planes 1x1 16/-6 [r16/r16/r16] (g/b/r) [unorm]
[   0.064][d][vo/gpu/opengl]   gbrp16be
[   0.064][d][vo/gpu/opengl]   gbrp16 => 3 planes 1x1 16/0 [r16/r16/r16] (g/b/r) [unorm]
[   0.064][d][vo/gpu/opengl]   yuva422p => 4 planes 2x1 8/0 [r8/r8/r8/r8] (r/g/b/a) [unorm]
[   0.064][d][vo/gpu/opengl]   yuva444p => 4 planes 1x1 8/0 [r8/r8/r8/r8] (r/g/b/a) [unorm]
[   0.064][d][vo/gpu/opengl]   yuva420p9be
[   0.064][d][vo/gpu/opengl]   yuva420p9 => 4 planes 2x2 16/-7 [r16/r16/r16/r16] (r/g/b/a) [unorm]
[   0.064][d][vo/gpu/opengl]   yuva422p9be
[   0.064][d][vo/gpu/opengl]   yuva422p9 => 4 planes 2x1 16/-7 [r16/r16/r16/r16] (r/g/b/a) [unorm]
[   0.064][d][vo/gpu/opengl]   yuva444p9be
[   0.064][d][vo/gpu/opengl]   yuva444p9 => 4 planes 1x1 16/-7 [r16/r16/r16/r16] (r/g/b/a) [unorm]
[   0.064][d][vo/gpu/opengl]   yuva420p10be
[   0.064][d][vo/gpu/opengl]   yuva420p10 => 4 planes 2x2 16/-6 [r16/r16/r16/r16] (r/g/b/a) [unorm]
[   0.064][d][vo/gpu/opengl]   yuva422p10be
[   0.064][d][vo/gpu/opengl]   yuva422p10 => 4 planes 2x1 16/-6 [r16/r16/r16/r16] (r/g/b/a) [unorm]
[   0.064][d][vo/gpu/opengl]   yuva444p10be
[   0.064][d][vo/gpu/opengl]   yuva444p10 => 4 planes 1x1 16/-6 [r16/r16/r16/r16] (r/g/b/a) [unorm]
[   0.064][d][vo/gpu/opengl]   yuva420p16be
[   0.064][d][vo/gpu/opengl]   yuva420p16 => 4 planes 2x2 16/0 [r16/r16/r16/r16] (r/g/b/a) [unorm]
[   0.064][d][vo/gpu/opengl]   yuva422p16be
[   0.064][d][vo/gpu/opengl]   yuva422p16 => 4 planes 2x1 16/0 [r16/r16/r16/r16] (r/g/b/a) [unorm]
[   0.064][d][vo/gpu/opengl]   yuva444p16be
[   0.064][d][vo/gpu/opengl]   yuva444p16 => 4 planes 1x1 16/0 [r16/r16/r16/r16] (r/g/b/a) [unorm]
[   0.064][d][vo/gpu/opengl]   xyz12 => 1 planes 1x1 16/4 [rgb16] (rgb) [unorm]
[   0.064][d][vo/gpu/opengl]   xyz12be
[   0.064][d][vo/gpu/opengl]   nv16 => 2 planes 2x1 8/0 [r8/rg8] (r/gb) [unorm]
[   0.064][d][vo/gpu/opengl]   nv20 => 2 planes 2x1 16/-6 [r16/rg16] (r/gb) [unorm]
[   0.064][d][vo/gpu/opengl]   nv20be
[   0.064][d][vo/gpu/opengl]   rgba64be
[   0.064][d][vo/gpu/opengl]   bgra64be
[   0.064][d][vo/gpu/opengl]   bgra64 => 1 planes 1x1 16/0 [rgba16] (bgra) [unorm]
[   0.064][d][vo/gpu/opengl]   yvyu422
[   0.064][d][vo/gpu/opengl]   ya16be
[   0.064][d][vo/gpu/opengl]   ya16 => 1 planes 1x1 16/0 [rg16] (ra) [unorm]
[   0.064][d][vo/gpu/opengl]   gbrap => 4 planes 1x1 8/0 [r8/r8/r8/r8] (g/b/r/a) [unorm]
[   0.064][d][vo/gpu/opengl]   gbrap16be
[   0.064][d][vo/gpu/opengl]   gbrap16 => 4 planes 1x1 16/0 [r16/r16/r16/r16] (g/b/r/a) [unorm]
[   0.064][d][vo/gpu/opengl]   qsv
[   0.064][d][vo/gpu/opengl]   d3d11va_vld
[   0.064][d][vo/gpu/opengl]   yuv420p12be
[   0.064][d][vo/gpu/opengl]   yuv420p12 => 3 planes 2x2 16/-4 [r16/r16/r16] (r/g/b) [unorm]
[   0.064][d][vo/gpu/opengl]   yuv420p14be
[   0.064][d][vo/gpu/opengl]   yuv420p14 => 3 planes 2x2 16/-2 [r16/r16/r16] (r/g/b) [unorm]
[   0.064][d][vo/gpu/opengl]   yuv422p12be
[   0.064][d][vo/gpu/opengl]   yuv422p12 => 3 planes 2x1 16/-4 [r16/r16/r16] (r/g/b) [unorm]
[   0.064][d][vo/gpu/opengl]   yuv422p14be
[   0.064][d][vo/gpu/opengl]   yuv422p14 => 3 planes 2x1 16/-2 [r16/r16/r16] (r/g/b) [unorm]
[   0.064][d][vo/gpu/opengl]   yuv444p12be
[   0.064][d][vo/gpu/opengl]   yuv444p12 => 3 planes 1x1 16/-4 [r16/r16/r16] (r/g/b) [unorm]
[   0.064][d][vo/gpu/opengl]   yuv444p14be
[   0.064][d][vo/gpu/opengl]   yuv444p14 => 3 planes 1x1 16/-2 [r16/r16/r16] (r/g/b) [unorm]
[   0.064][d][vo/gpu/opengl]   gbrp12be
[   0.064][d][vo/gpu/opengl]   gbrp12 => 3 planes 1x1 16/-4 [r16/r16/r16] (g/b/r) [unorm]
[   0.064][d][vo/gpu/opengl]   gbrp14be
[   0.064][d][vo/gpu/opengl]   gbrp14 => 3 planes 1x1 16/-2 [r16/r16/r16] (g/b/r) [unorm]
[   0.064][d][vo/gpu/opengl]   yuvj411p => 3 planes 4x1 8/0 [r8/r8/r8] (r/g/b) [unorm]
[   0.064][d][vo/gpu/opengl]   bayer_bggr8
[   0.064][d][vo/gpu/opengl]   bayer_rggb8
[   0.064][d][vo/gpu/opengl]   bayer_gbrg8
[   0.064][d][vo/gpu/opengl]   bayer_grbg8
[   0.064][d][vo/gpu/opengl]   bayer_bggr16
[   0.064][d][vo/gpu/opengl]   bayer_bggr16be
[   0.064][d][vo/gpu/opengl]   bayer_rggb16
[   0.064][d][vo/gpu/opengl]   bayer_rggb16be
[   0.064][d][vo/gpu/opengl]   bayer_gbrg16
[   0.064][d][vo/gpu/opengl]   bayer_gbrg16be
[   0.064][d][vo/gpu/opengl]   bayer_grbg16
[   0.064][d][vo/gpu/opengl]   bayer_grbg16be
[   0.064][d][vo/gpu/opengl]   yuv440p10 => 3 planes 1x2 16/-6 [r16/r16/r16] (r/g/b) [unorm]
[   0.064][d][vo/gpu/opengl]   yuv440p10be
[   0.064][d][vo/gpu/opengl]   yuv440p12 => 3 planes 1x2 16/-4 [r16/r16/r16] (r/g/b) [unorm]
[   0.064][d][vo/gpu/opengl]   yuv440p12be
[   0.064][d][vo/gpu/opengl]   ayuv64 => 1 planes 1x1 16/0 [rgba16] (argb) [unorm]
[   0.064][d][vo/gpu/opengl]   ayuv64be
[   0.064][d][vo/gpu/opengl]   p010be
[   0.064][d][vo/gpu/opengl]   gbrap12be
[   0.065][d][vo/gpu/opengl]   gbrap12 => 4 planes 1x1 16/-4 [r16/r16/r16/r16] (g/b/r/a) [unorm]
[   0.065][d][vo/gpu/opengl]   gbrap10be
[   0.065][d][vo/gpu/opengl]   gbrap10 => 4 planes 1x1 16/-6 [r16/r16/r16/r16] (g/b/r/a) [unorm]
[   0.065][d][vo/gpu/opengl]   gray12be
[   0.065][d][vo/gpu/opengl]   gray12 => 1 planes 1x1 16/-4 [r16] (r) [unorm]
[   0.065][d][vo/gpu/opengl]   gray10be
[   0.065][d][vo/gpu/opengl]   gray10 => 1 planes 1x1 16/-6 [r16] (r) [unorm]
[   0.065][d][vo/gpu/opengl]   p016 => 2 planes 2x2 16/0 [r16/rg16] (r/gb) [unorm]
[   0.065][d][vo/gpu/opengl]   p016be
[   0.065][d][vo/gpu/opengl]   gray9be
[   0.065][d][vo/gpu/opengl]   gray9 => 1 planes 1x1 16/-7 [r16] (r) [unorm]
[   0.065][d][vo/gpu/opengl]   gbrpf32be
[   0.065][d][vo/gpu/opengl]   gbrpf32 => 3 planes 1x1 32/0 [r16f/r16f/r16f] (g/b/r) [float]
[   0.065][d][vo/gpu/opengl]   gbrapf32be
[   0.065][d][vo/gpu/opengl]   gbrapf32 => 4 planes 1x1 32/0 [r16f/r16f/r16f/r16f] (g/b/r/a) [float]
[   0.065][d][vo/gpu/opengl]   opencl
[   0.065][d][vo/gpu/opengl]   gray14be
[   0.065][d][vo/gpu/opengl]   gray14 => 1 planes 1x1 16/-2 [r16] (r) [unorm]
[   0.065][d][vo/gpu/opengl]   grayf32be
[   0.065][d][vo/gpu/opengl]   grayf32 => 1 planes 1x1 32/0 [r16f] (r) [float]
[   0.065][d][vo/gpu/opengl]   yuva422p12be
[   0.065][d][vo/gpu/opengl]   yuva422p12 => 4 planes 2x1 16/-4 [r16/r16/r16/r16] (r/g/b/a) [unorm]
[   0.065][d][vo/gpu/opengl]   yuva444p12be
[   0.065][d][vo/gpu/opengl]   yuva444p12 => 4 planes 1x1 16/-4 [r16/r16/r16/r16] (r/g/b/a) [unorm]
[   0.065][d][vo/gpu/opengl]   nv24 => 2 planes 1x1 8/0 [r8/rg8] (r/gb) [unorm]
[   0.065][d][vo/gpu/opengl]   nv42 => 2 planes 1x1 8/0 [r8/rg8] (r/bg) [unorm]
[   0.065][d][vo/gpu/opengl]   y210be
[   0.065][d][vo/gpu/opengl]   y210
[   0.065][d][vo/gpu/opengl]   x2rgb10be
[   0.065][d][vo/gpu/opengl]   x2bgr10
[   0.065][d][vo/gpu/opengl]   x2bgr10be
[   0.065][d][vo/gpu/opengl]   p210be
[   0.065][d][vo/gpu/opengl]   p210 => 2 planes 2x1 16/6 [r16/rg16] (r/gb) [unorm]
[   0.065][d][vo/gpu/opengl]   p410be
[   0.065][d][vo/gpu/opengl]   p410 => 2 planes 1x1 16/6 [r16/rg16] (r/gb) [unorm]
[   0.065][d][vo/gpu/opengl]   p216be
[   0.065][d][vo/gpu/opengl]   p216 => 2 planes 2x1 16/0 [r16/rg16] (r/gb) [unorm]
[   0.065][d][vo/gpu/opengl]   p416be
[   0.065][d][vo/gpu/opengl]   p416 => 2 planes 1x1 16/0 [r16/rg16] (r/gb) [unorm]
[   0.065][d][vo/gpu/opengl]   vuya => 1 planes 1x1 8/0 [rgba8] (bgra) [unorm]
[   0.065][d][vo/gpu/opengl]   rgbaf16be
[   0.065][d][vo/gpu/opengl]   rgbaf16
[   0.065][d][vo/gpu/opengl]   vuyx => 1 planes 1x1 8/0 [rgba8] (bgr) [unorm]
[   0.065][d][vo/gpu/opengl]   p012 => 2 planes 2x2 16/4 [r16/rg16] (r/gb) [unorm]
[   0.065][d][vo/gpu/opengl]   p012be
[   0.065][d][vo/gpu/opengl]   y212be
[   0.065][d][vo/gpu/opengl]   y212
[   0.065][d][vo/gpu/opengl]   xv30be
[   0.065][d][vo/gpu/opengl]   xv30
[   0.065][d][vo/gpu/opengl]   xv36be
[   0.065][d][vo/gpu/opengl]   xv36 => 1 planes 1x1 16/4 [rgba16] (grb) [unorm]
[   0.065][d][vo/gpu/opengl]   rgbf32be
[   0.065][d][vo/gpu/opengl]   rgbf32
[   0.065][d][vo/gpu/opengl]   rgbaf32be
[   0.065][d][vo/gpu/opengl]   rgbaf32
[   0.065][d][vo/gpu/opengl]   p212be
[   0.065][d][vo/gpu/opengl]   p212 => 2 planes 2x1 16/4 [r16/rg16] (r/gb) [unorm]
[   0.065][d][vo/gpu/opengl]   p412be
[   0.065][d][vo/gpu/opengl]   p412 => 2 planes 1x1 16/4 [r16/rg16] (r/gb) [unorm]
[   0.065][d][vo/gpu/opengl]   gbrap14be
[   0.065][d][vo/gpu/opengl]   gbrap14 => 4 planes 1x1 16/-2 [r16/r16/r16/r16] (g/b/r/a) [unorm]
[   0.065][d][vo/gpu/opengl]   d3d12
[   0.065][v][vo/gpu] Testing FBO format rgba16f
[   0.065][d][vo/gpu] Resizing texture: 16x16
[   0.065][v][vo/gpu] Using FBO format rgba16f.
[   0.065][d][global] cache path: '' -> '/home/luque/.cache/mpv'
[   0.067][v][vo/gpu] Assuming 60.025000 FPS for display sync.
[   0.068][v][vo/gpu] reconfig to 960x540 yuv444p auto/auto/auto/auto/auto CL=unknown
[   0.068][v][vo/gpu/wayland] Reconfiguring!
[   0.068][d][vo/gpu] max content size: 1920x1200
[   0.068][d][vo/gpu] monitor size: 1920x1200
[   0.069][v][vo/gpu] Resize: 240x320
[   0.069][v][vo/gpu] Window size: 240x320 (Borders: l=0 t=0 r=0 b=0)
[   0.069][v][vo/gpu] Video source: 960x540 (1:1)
[   0.069][v][vo/gpu] Video display: (0, 0) 960x540 -> (0, 92) 240x135
[   0.069][v][vo/gpu] Video scale: 0.250000/0.250000
[   0.069][v][vo/gpu] OSD borders: l=0 t=92 r=0 b=93
[   0.069][v][vo/gpu] Video borders: l=0 t=92 r=0 b=93
[   0.069][v][vo/gpu] Texture for plane 0: 960x540
[   0.070][v][vo/gpu] Texture for plane 1: 960x540
[   0.070][v][vo/gpu] Texture for plane 2: 960x540
[   0.070][v][vo/gpu] Testing FBO format rgba16f
[   0.070][d][vo/gpu] Resizing texture: 16x16
[   0.070][v][vo/gpu] Using FBO format rgba16f.
[   0.070][v][vo/gpu/wayland] Handling resize on the egl side
[   0.070][v][vo/gpu] Resize: 240x320
[   0.070][v][vo/gpu] Window size: 240x320 (Borders: l=0 t=0 r=0 b=0)
[   0.070][v][vo/gpu] Video source: 960x540 (1:1)
[   0.070][v][vo/gpu] Video display: (0, 0) 960x540 -> (0, 92) 240x135
[   0.070][v][vo/gpu] Video scale: 0.250000/0.250000
[   0.070][v][vo/gpu] OSD borders: l=0 t=92 r=0 b=93
[   0.070][v][vo/gpu] Video borders: l=0 t=92 r=0 b=93
[   0.070][v][vo/gpu] Reported display depth: 10
[   0.070][v][cplayer] Waiting for scripts...
[   0.071][d][cplayer] Run command: define-section, flags=64, args=[name="input_select", contents="", flags="default"]
[   0.071][d][cplayer] Run command: enable-section, flags=64, args=[name="input_select", flags="allow-hide-cursor+allow-vo-dragging"]
[   0.071][d][console] reading options for console
[   0.071][d][global] config path: 'script-opts/console.conf' -/-> '/home/luque/.config/mpv/script-opts/console.conf'
[   0.071][d][global] config path: 'script-opts/console.conf' -/-> '/home/luque/.mpv/script-opts/console.conf'
[   0.071][d][global] config path: 'script-opts/console.conf' -/-> '/etc/mpv/script-opts/console.conf'
[   0.071][d][console] script-opts/console.conf not found.
[   0.071][d][global] config path: 'lua-settings/console.conf' -/-> '/home/luque/.config/mpv/lua-settings/console.conf'
[   0.071][d][global] config path: 'lua-settings/console.conf' -/-> '/home/luque/.mpv/lua-settings/console.conf'
[   0.071][d][global] config path: 'lua-settings/console.conf' -/-> '/etc/mpv/lua-settings/console.conf'
[   0.071][d][console] lua-settings/console.conf not found.
[   0.077][v][vo/gpu/wayland] Given DND offer with mime type text/plain;charset=utf-8
[   0.077][v][vo/gpu/wayland] Received a new DND offer. Releasing the previous offer.
[   0.077][v][vo/gpu/wayland] Surface entered output AUO 0xfa9b (0x4), scale = 1.000000, refresh rate = 60.025000 Hz
[   0.078][d][cplayer] Run command: define-section, flags=64, args=[name="input_forced_select", contents="", flags="force"]
[   0.078][d][cplayer] Run command: enable-section, flags=64, args=[name="input_forced_select", flags="allow-hide-cursor+allow-vo-dragging"]
[   0.090][d][cplayer] Run command: define-section, flags=64, args=[name="input_stats", contents="", flags="default"]
[   0.090][d][global] config path: 'fonts' -/-> '/home/luque/.config/mpv/fonts'
[   0.090][d][global] config path: 'fonts' -/-> '/home/luque/.mpv/fonts'
[   0.090][d][global] config path: 'fonts' -/-> '/etc/mpv/fonts'
[   0.090][d][osd/libass] ASS library version: 0x1703000 (runtime 0x1703000)
[   0.090][v][osd/libass] libass API version: 0x1703000
[   0.090][v][osd/libass] libass source: tarball: 0.17.3
[   0.090][v][osd/libass] Shaper: FriBidi 1.0.15 (SIMPLE) HarfBuzz-ng 9.0.0 (COMPLEX)
[   0.090][d][global] config path: 'subfont.ttf' -/-> '/home/luque/.config/mpv/subfont.ttf'
[   0.090][d][global] config path: 'subfont.ttf' -/-> '/home/luque/.mpv/subfont.ttf'
[   0.090][d][global] config path: 'subfont.ttf' -/-> '/etc/mpv/subfont.ttf'
[   0.090][d][global] config path: 'fonts.conf' -/-> '/home/luque/.config/mpv/fonts.conf'
[   0.090][d][global] config path: 'fonts.conf' -/-> '/home/luque/.mpv/fonts.conf'
[   0.090][d][global] config path: 'fonts.conf' -/-> '/etc/mpv/fonts.conf'
[   0.090][v][osd/libass] Setting up fonts...
[   0.118][v][osd/libass] Using font provider fontconfig
[   0.118][v][osd/libass] Done.
[   0.119][d][cplayer] Run command: enable-section, flags=64, args=[name="input_stats", flags="allow-hide-cursor+allow-vo-dragging"]
[   0.119][d][cplayer] Run command: define-section, flags=64, args=[name="input_forced_stats", contents="", flags="force"]
[   0.119][d][cplayer] Run command: enable-section, flags=64, args=[name="input_forced_stats", flags="allow-hide-cursor+allow-vo-dragging"]
[   0.119][v][cplayer] Done loading scripts.
[   0.123][v][vo/gpu] reconfig to 960x540 yuv444p auto/auto/auto/auto/auto CL=unknown
[   0.123][v][vo/gpu/wayland] Reconfiguring!
[   0.123][d][vo/gpu] max content size: 1920x1200
[   0.123][d][vo/gpu] monitor size: 1920x1200
[   0.123][v][vo/gpu] Resize: 240x320
[   0.123][v][vo/gpu] Window size: 240x320 (Borders: l=0 t=0 r=0 b=0)
[   0.123][v][vo/gpu] Video source: 960x540 (1:1)
[   0.123][v][vo/gpu] Video display: (0, 0) 960x540 -> (0, 92) 240x135
[   0.123][v][vo/gpu] Video scale: 0.250000/0.250000
[   0.123][v][vo/gpu] OSD borders: l=0 t=92 r=0 b=93
[   0.123][v][vo/gpu] Video borders: l=0 t=92 r=0 b=93
[   0.123][v][vo/gpu] Reported display depth: 10
[   0.123][v][vo/gpu/wayland] Handling resize on the egl side
[   0.123][v][vo/gpu] Resize: 240x320
[   0.123][v][vo/gpu] Window size: 240x320 (Borders: l=0 t=0 r=0 b=0)
[   0.123][v][vo/gpu] Video source: 960x540 (1:1)
[   0.123][v][vo/gpu] Video display: (0, 0) 960x540 -> (0, 92) 240x135
[   0.123][v][vo/gpu] Video scale: 0.250000/0.250000
[   0.123][v][vo/gpu] OSD borders: l=0 t=92 r=0 b=93
[   0.123][v][vo/gpu] Video borders: l=0 t=92 r=0 b=93
[   0.123][v][vo/gpu] Reported display depth: 10
[   0.142][d][cplayer] Run command: define-section, flags=64, args=[name="input_console", contents="", flags="default"]
[   0.142][d][cplayer] Run command: enable-section, flags=64, args=[name="input_console", flags="allow-hide-cursor+allow-vo-dragging"]
[   0.142][d][cplayer] Run command: define-section, flags=64, args=[name="input_forced_console", contents="", flags="force"]
[   0.142][d][cplayer] Run command: enable-section, flags=64, args=[name="input_forced_console", flags="allow-hide-cursor+allow-vo-dragging"]
[   1.707][d][cplayer] Run command: begin-vo-dragging, flags=73, args=[]
[   1.974][v][vo/gpu/wayland] Received a new DND offer. Releasing the previous offer.
[   4.916][v][vo/gpu/wayland] Surface entered output AUO 0xfa9b (0x4), scale = 1.000000, refresh rate = 60.025000 Hz
[   5.384][v][vo/gpu/wayland] Received a new DND offer. Releasing the previous offer.
